<?xml version="1.0" encoding="UTF-8"?>
<!-- Generated by org.testng.reporters.JUnitReportReporter -->
<testsuite hostname="SriRam" name="com.testing.Cliniops.Cliniops_DriverScriptTest" tests="1" failures="0" timestamp="25 Sep 2017 17:32:43 GMT" time="177.888" errors="0">
  <testcase name="cliniopsDriver" time="177.888" classname="com.testing.Cliniops.Cliniops_DriverScriptTest"/>
</testsuite> <!-- com.testing.Cliniops.Cliniops_DriverScriptTest -->
