<?xml version="1.0" encoding="UTF-8"?>
<!-- Generated by org.testng.reporters.JUnitReportReporter -->
<testsuite hostname="DESKTOP-7F3BC8M" name="com.testing.Cliniops.Cliniops_DriverScriptTest" tests="1" failures="0" timestamp="11 Aug 2017 14:44:23 GMT" time="57.527" errors="0">
  <testcase name="cliniopsDriver" time="57.527" classname="com.testing.Cliniops.Cliniops_DriverScriptTest"/>
</testsuite> <!-- com.testing.Cliniops.Cliniops_DriverScriptTest -->
