<?xml version="1.0" encoding="UTF-8"?>
<!-- Generated by org.testng.reporters.JUnitReportReporter -->
<testsuite hostname="DESKTOP-7F3BC8M" name="com.testing.Cliniops.Cliniops_DriverScriptTest" tests="1" failures="0" timestamp="4 Oct 2017 05:49:21 GMT" time="9.840" errors="0">
  <testcase name="cliniopsDriver" time="9.840" classname="com.testing.Cliniops.Cliniops_DriverScriptTest"/>
</testsuite> <!-- com.testing.Cliniops.Cliniops_DriverScriptTest -->
