<?xml version="1.0" encoding="UTF-8"?>
<!-- Generated by org.testng.reporters.JUnitReportReporter -->
<testsuite hostname="DESKTOP-7F3BC8M" name="com.testing.Cliniops.Cliniops_DriverScriptTest" tests="1" failures="0" timestamp="24 Jul 2017 20:09:07 GMT" time="17.541" errors="0">
  <testcase name="cliniops_driver" time="17.541" classname="com.testing.Cliniops.Cliniops_DriverScriptTest"/>
</testsuite> <!-- com.testing.Cliniops.Cliniops_DriverScriptTest -->
