<?xml version="1.0" encoding="UTF-8"?>
<!-- Generated by org.testng.reporters.JUnitReportReporter -->
<testsuite hostname="LAPTOP-QVJ1HV8G" name="com.testing.Cliniops.Cliniops_DriverScriptTest" tests="1" failures="0" timestamp="11 Aug 2017 21:08:20 GMT" time="25.698" errors="0">
  <testcase name="cliniopsDriver" time="25.698" classname="com.testing.Cliniops.Cliniops_DriverScriptTest"/>
</testsuite> <!-- com.testing.Cliniops.Cliniops_DriverScriptTest -->
