<?xml version="1.0" encoding="UTF-8"?>
<!-- Generated by org.testng.reporters.JUnitReportReporter -->
<testsuite hostname="LAPTOP-QVJ1HV8G" name="com.testing.Cliniops.Cliniops_DriverScriptTest" tests="1" failures="0" timestamp="8 Aug 2017 06:15:37 GMT" time="34.867" errors="0">
  <testcase name="cliniopsDriver" time="34.867" classname="com.testing.Cliniops.Cliniops_DriverScriptTest"/>
</testsuite> <!-- com.testing.Cliniops.Cliniops_DriverScriptTest -->
