<?xml version="1.0" encoding="UTF-8"?>
<!-- Generated by org.testng.reporters.JUnitReportReporter -->
<testsuite hostname="SriRam" name="com.testing.Cliniops.Cliniops_DriverScriptTest" tests="1" failures="0" timestamp="26 Sep 2017 05:36:58 GMT" time="196.611" errors="0">
  <testcase name="cliniopsDriver" time="196.611" classname="com.testing.Cliniops.Cliniops_DriverScriptTest"/>
</testsuite> <!-- com.testing.Cliniops.Cliniops_DriverScriptTest -->
