<?xml version="1.0" encoding="UTF-8"?>
<!-- Generated by org.testng.reporters.JUnitReportReporter -->
<testsuite hostname="DESKTOP-7F3BC8M" name="com.testing.Cliniops.Cliniops_DriverScriptTest" tests="1" failures="0" timestamp="17 Aug 2017 17:52:07 GMT" time="57.105" errors="0">
  <testcase name="cliniopsDriver" time="57.105" classname="com.testing.Cliniops.Cliniops_DriverScriptTest"/>
</testsuite> <!-- com.testing.Cliniops.Cliniops_DriverScriptTest -->
