<?xml version="1.0" encoding="UTF-8"?>
<!-- Generated by org.testng.reporters.JUnitReportReporter -->
<testsuite hostname="SriRam" name="com.testing.Cliniops.Cliniops_DriverScriptTest" tests="1" failures="0" timestamp="13 Sep 2017 21:49:20 GMT" time="3577.417" errors="0">
  <testcase name="cliniopsDriver" time="3577.417" classname="com.testing.Cliniops.Cliniops_DriverScriptTest"/>
</testsuite> <!-- com.testing.Cliniops.Cliniops_DriverScriptTest -->
