<?xml version="1.0" encoding="UTF-8"?>
<!-- Generated by org.testng.reporters.JUnitReportReporter -->
<testsuite hostname="DESKTOP-7F3BC8M" name="com.testing.Cliniops.Cliniops_DriverScriptTest" tests="1" failures="0" timestamp="29 Aug 2017 06:42:53 GMT" time="151.628" errors="0">
  <testcase name="cliniopsDriver" time="151.628" classname="com.testing.Cliniops.Cliniops_DriverScriptTest"/>
</testsuite> <!-- com.testing.Cliniops.Cliniops_DriverScriptTest -->
