<?xml version="1.0" encoding="UTF-8"?>
<!-- Generated by org.testng.reporters.JUnitReportReporter -->
<testsuite hostname="SriRam" name="com.testing.Cliniops.Cliniops_DriverScriptTest" tests="1" failures="0" timestamp="8 Aug 2017 04:48:59 GMT" time="28.348" errors="0">
  <testcase name="cliniopsDriver" time="28.348" classname="com.testing.Cliniops.Cliniops_DriverScriptTest"/>
</testsuite> <!-- com.testing.Cliniops.Cliniops_DriverScriptTest -->
