<?xml version="1.0" encoding="UTF-8"?>
<!-- Generated by org.testng.reporters.JUnitReportReporter -->
<testsuite hostname="SriRam" name="com.testing.Cliniops.Cliniops_DriverScriptTest" tests="1" failures="0" timestamp="11 Aug 2017 05:56:57 GMT" time="225.225" errors="0">
  <testcase name="cliniopsDriver" time="225.225" classname="com.testing.Cliniops.Cliniops_DriverScriptTest"/>
</testsuite> <!-- com.testing.Cliniops.Cliniops_DriverScriptTest -->
